Using pre-set license
Built from '2020.3/staging' branch; Version is '2020.3.0f1 (c7b5465681fb) revision 13088070'; Using compiler version '192528614'; Build Type 'Release'
OS: 'Windows 10 Home; OS build 19042.1110; Version 2009; 64bit' Language: 'en' Physical Memory: 16219 MB
BatchMode: 1, IsHumanControllingUs: 0, StartBugReporterOnCrash: 0, Is64bit: 1, IsPro: 0

 COMMAND LINE ARGUMENTS:
C:\Program Files\Unity\Hub\Editor\2020.3.0f1\Editor\Unity.exe
-adb2
-batchMode
-noUpm
-name
AssetImportWorker0
-projectPath
D:/Repos/Unity 3D/Candle Run
-logFile
Logs/AssetImportWorker0.log
-srvPort
56463
Successfully changed project path to: D:/Repos/Unity 3D/Candle Run
D:/Repos/Unity 3D/Candle Run
Using Asset Import Pipeline V2.
Refreshing native plugins compatible for Editor in 38.27 ms, found 0 plugins.
Preloading 0 native plugins for Editor in 0.00 ms.
Initialize engine version: 2020.3.0f1 (c7b5465681fb)
[Subsystems] Discovering subsystems at path C:/Program Files/Unity/Hub/Editor/2020.3.0f1/Editor/Data/Resources/UnitySubsystems
[Subsystems] Discovering subsystems at path D:/Repos/Unity 3D/Candle Run/Assets
GfxDevice: creating device client; threaded=0
Direct3D:
    Version:  Direct3D 11.0 [level 11.1]
    Renderer: NVIDIA GeForce RTX 2070 Super with Max-Q Design (ID=0x1ed1)
    Vendor:   
    VRAM:     8011 MB
    Driver:   27.21.14.5720
Initialize mono
Mono path[0] = 'C:/Program Files/Unity/Hub/Editor/2020.3.0f1/Editor/Data/Managed'
Mono path[1] = 'C:/Program Files/Unity/Hub/Editor/2020.3.0f1/Editor/Data/MonoBleedingEdge/lib/mono/unityjit'
Mono config path = 'C:/Program Files/Unity/Hub/Editor/2020.3.0f1/Editor/Data/MonoBleedingEdge/etc'
Using monoOptions --debugger-agent=transport=dt_socket,embedding=1,server=y,suspend=n,address=127.0.0.1:56372
Begin MonoManager ReloadAssembly
Registering precompiled unity dll's ...
Register platform support module: C:/Program Files/Unity/Hub/Editor/2020.3.0f1/Editor/Data/PlaybackEngines/WindowsStandaloneSupport/UnityEditor.WindowsStandalone.Extensions.dll
Registered in 0.002071 seconds.
Native extension for WindowsStandalone target not found
Refreshing native plugins compatible for Editor in 43.55 ms, found 0 plugins.
Preloading 0 native plugins for Editor in 0.00 ms.
Invoked RoslynAnalysisRunner static constructor.
RoslynAnalysisRunner will not be running.
RoslynAnalysisRunner has terminated.
Mono: successfully reloaded assembly
- Completed reload, in  3.062 seconds
Platform modules already initialized, skipping
Registering precompiled user dll's ...
Registered in 0.002729 seconds.
Begin MonoManager ReloadAssembly
Native extension for WindowsStandalone target not found
Refreshing native plugins compatible for Editor in 41.86 ms, found 0 plugins.
Preloading 0 native plugins for Editor in 0.00 ms.
Invoked RoslynAnalysisRunner static constructor.
RoslynAnalysisRunner will not be running.
RoslynAnalysisRunner has terminated.
Mono: successfully reloaded assembly
- Completed reload, in  0.813 seconds
Platform modules already initialized, skipping
========================================================================
Worker process is ready to serve import requests
Shader 'Universal Render Pipeline/Particles/Lit': fallback shader 'Universal Render Pipeline/Particles/SimpleLit' not found
Shader 'Universal Render Pipeline/Particles/Lit': fallback shader 'Universal Render Pipeline/Particles/SimpleLit' not found
Launched and connected shader compiler UnityShaderCompiler.exe after 0.06 seconds
Refreshing native plugins compatible for Editor in 0.52 ms, found 0 plugins.
Preloading 0 native plugins for Editor in 0.00 ms.
Unloading 2515 Unused Serialized files (Serialized files now loaded: 0)
System memory in use before: 117.4 MB.
System memory in use after: 115.3 MB.

Unloading 44 unused Assets to reduce memory usage. Loaded Objects now: 2924.
Total: 5.566000 ms (FindLiveObjects: 0.662900 ms CreateObjectMapping: 0.387900 ms MarkObjects: 3.116900 ms  DeleteObjects: 1.396600 ms)

========================================================================
Received Import Request.
  path: Assets/Presets
  artifactKey: Guid(558255460b74ec04fa70b5570e9327bd) Importer(815301076,1909f56bfc062723c751e8b465ee728b)
Start importing Assets/Presets using Guid(558255460b74ec04fa70b5570e9327bd) Importer(815301076,1909f56bfc062723c751e8b465ee728b)  -> (artifact id: '81320b3cd8a1a3d750cca3b32b08e672') in 0.004402 seconds
  Import took 0.008781 seconds .

========================================================================
Received Import Request.
  Time since last request: 0.000273 seconds.
  path: Assets/Scripts/GameManager.cs
  artifactKey: Guid(fd5ae24ed0937144c9356cc7ca110eee) Importer(815301076,1909f56bfc062723c751e8b465ee728b)
Start importing Assets/Scripts/GameManager.cs using Guid(fd5ae24ed0937144c9356cc7ca110eee) Importer(815301076,1909f56bfc062723c751e8b465ee728b)  -> (artifact id: '535d599853b8e48fdb8f5e81158ab23e') in 0.024078 seconds
  Import took 0.027898 seconds .

========================================================================
Received Import Request.
  Time since last request: 341.388182 seconds.
  path: Assets/Scripts/PlayerManager.cs
  artifactKey: Guid(8f6ee6a989c53894fabdbc2552c6ab15) Importer(815301076,1909f56bfc062723c751e8b465ee728b)
Start importing Assets/Scripts/PlayerManager.cs using Guid(8f6ee6a989c53894fabdbc2552c6ab15) Importer(815301076,1909f56bfc062723c751e8b465ee728b)  -> (artifact id: '4a90f91b0df24a20f0f05320063965c2') in 0.001522 seconds
  Import took 0.013307 seconds .

========================================================================
Received Import Request.
  Time since last request: 0.000668 seconds.
  path: Assets/Scripts/PlayerManager.cs
  artifactKey: Guid(8f6ee6a989c53894fabdbc2552c6ab15) Importer(815301076,1909f56bfc062723c751e8b465ee728b)
Start importing Assets/Scripts/PlayerManager.cs using Guid(8f6ee6a989c53894fabdbc2552c6ab15) Importer(815301076,1909f56bfc062723c751e8b465ee728b)  -> (artifact id: '4a90f91b0df24a20f0f05320063965c2') in 0.001244 seconds
  Import took 0.005589 seconds .

========================================================================
Received Import Request.
  Time since last request: 23.972311 seconds.
  path: Assets/Scripts/CandlePickup.cs
  artifactKey: Guid(9057ce626d8db65479a9c0085f53ddb6) Importer(815301076,1909f56bfc062723c751e8b465ee728b)
Start importing Assets/Scripts/CandlePickup.cs using Guid(9057ce626d8db65479a9c0085f53ddb6) Importer(815301076,1909f56bfc062723c751e8b465ee728b)  -> (artifact id: '0d2b216162449fc6f2cee5e5c3d8acf1') in 0.001911 seconds
  Import took 0.008573 seconds .

========================================================================
Received Import Request.
  Time since last request: 0.003461 seconds.
  path: Assets/Scripts/CandlePickup.cs
  artifactKey: Guid(9057ce626d8db65479a9c0085f53ddb6) Importer(815301076,1909f56bfc062723c751e8b465ee728b)
Start importing Assets/Scripts/CandlePickup.cs using Guid(9057ce626d8db65479a9c0085f53ddb6) Importer(815301076,1909f56bfc062723c751e8b465ee728b)  -> (artifact id: '0d2b216162449fc6f2cee5e5c3d8acf1') in 0.001329 seconds
  Import took 0.004864 seconds .

========================================================================
Received Prepare
Registering precompiled user dll's ...
Registered in 0.001358 seconds.
Begin MonoManager ReloadAssembly
Native extension for WindowsStandalone target not found
Refreshing native plugins compatible for Editor in 0.41 ms, found 0 plugins.
Preloading 0 native plugins for Editor in 0.00 ms.
Invoked RoslynAnalysisRunner static constructor.
RoslynAnalysisRunner will not be running.
RoslynAnalysisRunner has terminated.
Mono: successfully reloaded assembly
- Completed reload, in  0.745 seconds
Platform modules already initialized, skipping
Switching build target platform(5) subTarget(0) extendedPlatform(0) -> platform(13) subTarget(537395200) extendedPlatform(0)
Shader 'Universal Render Pipeline/Particles/Lit': fallback shader 'Universal Render Pipeline/Particles/SimpleLit' not found
Shader 'Universal Render Pipeline/Particles/Lit': fallback shader 'Universal Render Pipeline/Particles/SimpleLit' not found
Refreshing native plugins compatible for Editor in 0.45 ms, found 0 plugins.
Preloading 0 native plugins for Editor in 0.00 ms.
Unloading 2428 Unused Serialized files (Serialized files now loaded: 0)
System memory in use before: 112.3 MB.
System memory in use after: 110.1 MB.

Unloading 39 unused Assets to reduce memory usage. Loaded Objects now: 2927.
Total: 3.773000 ms (FindLiveObjects: 0.375400 ms CreateObjectMapping: 0.195500 ms MarkObjects: 1.789400 ms  DeleteObjects: 1.411800 ms)

AssetImportParameters requested are different than current active one (requested -> active):
  custom:graphics/normal-map-encoding: 01000000000000000000000000000000 -> 02000000000000000000000000000000
AssetImportWorkerClient::OnTransportError - code=2 error=End of file
